huā,flower; blossom
yuán,land used for growing plants; site used for public recreation
mén,gate; door; classifier for lessons, subjects, branches of technology
qián,front; forward; ahead; first; top (followed by a number); former
gè,universal measure word
tā,he or him
hòu,back; behind; rear; afterwards; after; later
wài,outside; in addition; foreign; external
nián,year
jì,season
ér,non-syllabic diminutive suffix
kàn,to see; to look at; to read; to watch; to visit; to call on; to consider; to regard as; to look after; to treat (an illness); to depend on; to feel (that); (after verb) to give it a try; Watch out! (for a danger)
huāyuán,garden
dàmén,entrance; door; gate
hòumén,the back door; fig. under the counter (indirect way for influence or pressure)
hǎokàn,good-looking; nice-looking; good (of a movie, book, TV show etc); embarrassed; humiliated
gōng,public; collectively owned; common; male (animal)
duǒ,measure word for flower
kě,may, can
méi,(fine jade)
jú,chrysanthemum
lán,orchid (Cymbidium goeringii); fragrant thoroughwort (Eupatorium fortunei); lily magnolia
gōngyuán,park (for public recreation)
kěài,adorable; cute; lovely
méiguī,rugosa rose (shrub) (Rosa rugosa); rose flower
júhuā,chrysanthemum
lánhuā,cymbidium; orchid
mùqián,at the present time; currently
gèrén,individual; personal; oneself
qítā,other; (sth or sb) else; the rest
zhīhòu,afterwards; following; later; after
lìngwài,additional; in addition; besides; separate; other; moreover; furthermore
wàiguó,foreign (country)
jìjié,time; season; period
érzi,son
nǚér,daughter
kànlái,apparently; it seems that
kànjiàn,to see; to catch sight of
========================================
flower; blossom,huā
land used for growing plants; site used for public recreation,yuán
gate; door; classifier for lessons, subjects, branches of technology,mén
front; forward; ahead; first; top (followed by a number); former,qián
universal measure word,gè
he or him,tā
back; behind; rear; afterwards; after; later,hòu
outside; in addition; foreign; external,wài
year,nián
season,jì
non-syllabic diminutive suffix,ér
to see; to look at; to read; to watch; to visit; to call on; to consider; to regard as; to look after; to treat (an illness); to depend on; to feel (that); (after verb) to give it a try; Watch out! (for a danger),kàn
garden,huāyuán
entrance; door; gate,dàmén
the back door; fig. under the counter (indirect way for influence or pressure),hòumén
good-looking; nice-looking; good (of a movie, book, TV show etc); embarrassed; humiliated,hǎokàn
public; collectively owned; common; male (animal),gōng
measure word for flower,duǒ
may, can,kě
(fine jade),méi
chrysanthemum,jú
orchid (蘭花|兰花 Cymbidium goeringii); fragrant thoroughwort (蘭草|兰草 Eupatorium fortunei); lily magnolia (木蘭|木兰),lán
park (for public recreation),gōngyuán
adorable; cute; lovely,kěài
rugosa rose (shrub) (Rosa rugosa); rose flower,méiguī
chrysanthemum,júhuā
cymbidium; orchid,lánhuā
at the present time; currently,mùqián
individual; personal; oneself,gèrén
other; (sth or sb) else; the rest,qítā
afterwards; following; later; after,zhīhòu
additional; in addition; besides; separate; other; moreover; furthermore,lìngwài
foreign (country),wàiguó
time; season; period,jìjié
son,érzi
daughter,nǚér
apparently; it seems that,kànlái
to see; to catch sight of,kànjiàn
========================================
========================================
========================================
花,huā
园,yuán
门,mén
前,qián
个,gè
他,tā
后,hòu
外,wài
年,nián
季,jì
儿,ér
看,kàn
花园,huāyuán
大门,dàmén
后门,hòumén
好看,hǎokàn
公,gōng
朵,duǒ
可,kě
玫,méi
菊,jú
兰,lán
公园,gōngyuán
可爱,kěài
玫瑰,méiguī
菊花,júhuā
兰花,lánhuā
目前,mùqián
个人,gèrén
其他,qítā
之后,zhīhòu
另外,lìngwài
外国,wàiguó
季节,jìjié
儿子,érzi
女儿,nǚér
看来,kànlái
看见,kànjiàn









































































de,expressing possession
jiā,home; family; classifier for families or businesses; noun suffix for a specialist in some activity, such as a musician or revolutionary, corresponding to English -ist, -er, -ary or -ia
zhè,this; these
yǒu,to have; there is; there are; to exist; to be
hé,and; harmonious
yéye,(coll.) father's father; paternal grandfather
nǎinai,(informal) grandma (paternal grandmother)
bàba,(informal) father
māma,mama; mommy; mother
fàng,to put; to place; to release; to free; to let go; to let out; to set off (fireworks)
huí,go back; return
dào,to (a place); until (a time); up to; to go; to arrive; (verb complement denoting completion or result of an action)
gěi,to supply; to provide
wán,to finish; to be over; whole; complete; entire
bǎ,sentence structure; handle
fàngxué,to dismiss students at the end of the school day
huíjiā,to return home
dàjiā,everyone
chànggē,to sing a song
guójiā,country; nation; state
zhèyàng,this kind of; so; this way; like this; such
zhǐyǒu,only
hépíng,peace; peaceful
kāifàng,to be open (to the public); to be open-minded; unconstrained in one's sexuality
huídá,to reply; to answer; the answer
dédào,to get; to obtain; to receive
wánquán,complete; whole; totally; entirely
wánchéng,to complete; to accomplish
========================================
expressing possession,de
home; family; classifier for families or businesses; noun suffix for a specialist in some activity, such as a musician or revolutionary, corresponding to English -ist, -er, -ary or -ia,jiā
this; these,zhè
to have; there is; there are; to exist; to be,yǒu
and; harmonious,hé
(coll.) father's father; paternal grandfather,yéye
(informal) grandma (paternal grandmother),nǎinai
(informal) father,bàba
mama; mommy; mother,māma
to put; to place; to release; to free; to let go; to let out; to set off (fireworks),fàng
go back; return,huí
to (a place); until (a time); up to; to go; to arrive; (verb complement denoting completion or result of an action),dào
to supply; to provide,gěi
to finish; to be over; whole; complete; entire,wán
sentence structure; handle,bǎ
to dismiss students at the end of the school day,fàngxué
to return home,huíjiā
everyone,dàjiā
to sing a song,chànggē
country; nation; state,guójiā
this kind of; so; this way; like this; such,zhèyàng
only,zhǐyǒu
peace; peaceful,hépíng
to be open (to the public); to be open-minded; unconstrained in one's sexuality,kāifàng
to reply; to answer; the answer,huídá
to get; to obtain; to receive,dédào
complete; whole; totally; entirely,wánquán
to complete; to accomplish,wánchéng
========================================
========================================
========================================
的,de
家,jiā
这,zhè
有,yǒu
和,hé
爷爷,yéye
奶奶,nǎinai
爸爸,bàba
妈妈,māma
放,fàng
回,huí
到,dào
给,gěi
完,wán
把,bǎ
放学,fàngxué
回家,huíjiā
大家,dàjiā
唱歌,chànggē
国家,guójiā
这样,zhèyàng
只有,zhǐyǒu
和平,hépíng
开放,kāifàng
回答,huídá
得到,dédào
完全,wánquán
完成,wánchéng
















































xiàng,direction; orientation; to face; to turn toward; to; towards; 
yòng,to use; to employ; to have to; to eat or drink; 
guānxi,relationship
shūfu,comfortable; feeling well
tòngkǔ,pain; suffering; painful
huì,be capable of
gěi,to supply; to provide
qǐlái,(after a verb) indicating the beginning and continuation of an action or a state; indicating an upward movement (e.g. after 站[zhan4]); bringing things together (e.g. after 收拾[shou1 shi5]); (after a perception verb, e.g. 看[kan4]) expressing preliminary judgment; also pr. [qi3 lai5]
jiā,home; family; classifier for families or businesses; noun suffix for a specialist in some activity, such as a musician or revolutionary, corresponding to English -ist, -er, -ary or -ia
tā,she
nǐ,you (informal, as opposed to courteous 您[nin2])
jiù,at once; right away; only; just (emphasis); as early as; already; as soon as; then; in that case; as many as; even if; to approach; to move towards; to undertake; to engage in; to suffer; subjected to; to accomplish; to take advantage of; to go with (of foods); with regard to; concerning
xiàng,to resemble; to be like; to look as if; such as; appearance; image; portrait; image under a mapping (math.)
hǎo,good
kāi,to open; to start; to turn on; to boil; to write out (a prescription, check, invoice etc); to operate (a vehicle)
le,final particle
zhēn,really; truly; indeed; real; true; genuine
gāo,high; tall; above average; loud; your (honorific)
xìng,feeling or desire to do sth; interest in sth; excitement
chē,vehicle; car
jiàn,to see
shuō,to speak; to say; to explain; to scold; to tell off; a theory (usually in compounds such as 日心说 heliocentric theory)
zǎo,early; morning; Good morning!; long ago; prematurely
men,plural marker for pronouns, and nouns referring to individuals
kāixué,foundation of a University or College; school opening; the start of a new term
gāoxìng,happy; glad; willing (to do sth); in a cheerful mood
xiàochē,school bus
nǐmen,you (plural)
kāishǐ,to begin; beginning; to start; initial
líkāi,to depart; to leave
zhēnzhèng,genuine; real; true; genuinely
rènzhēn,conscientious; earnest; serious; to take seriously; to take to heart
tígāo,to raise; to increase; to improve
xìngqù,interest (desire to know about sth); interest (thing in which one is interested); hobby
qìchē,car; automobile; bus; CL:輛|辆[liang4]
yìjiàn,idea; opinion; suggestion; objection; complaint; CL:點|点[dian3],條|条[tiao2]
kànjiàn,to see; to catch sight of
shuōmíng,to explain; to illustrate; to indicate; to show; to prove; explanation; directions; caption
xiǎoshuō,novel; fiction; CL:本[ben3],部[bu4]
rénmen,people
liánghǎo,good; favorable; well; fine
========================================
comfortable; feeling well,shūfu
pain; suffering; painful,tòngkǔ
be capable of,huì
to supply; to provide,gěi
(after a verb) indicating the beginning and continuation of an action or a state; indicating an upward movement (e.g. after 站[zhan4]); bringing things together (e.g. after 收拾[shou1 shi5]); (after a perception verb, e.g. 看[kan4]) expressing preliminary judgment; also pr. [qi3 lai5],qǐlái
home; family; classifier for families or businesses; noun suffix for a specialist in some activity, such as a musician or revolutionary, corresponding to English -ist, -er, -ary or -ia,jiā
she,tā
you (informal, as opposed to courteous 您[nin2]),nǐ
at once; right away; only; just (emphasis); as early as; already; as soon as; then; in that case; as many as; even if; to approach; to move towards; to undertake; to engage in; to suffer; subjected to; to accomplish; to take advantage of; to go with (of foods); with regard to; concerning,jiù
to resemble; to be like; to look as if; such as; appearance; image; portrait; image under a mapping (math.),xiàng
good,hǎo
to open; to start; to turn on; to boil; to write out (a prescription, check, invoice etc); to operate (a vehicle),kāi
final particle,le
really; truly; indeed; real; true; genuine,zhēn
high; tall; above average; loud; your (honorific),gāo
feeling or desire to do sth; interest in sth; excitement,xìng
vehicle; car,chē
to see,jiàn
to speak; to say; to explain; to scold; to tell off; a theory (usually in compounds such as 日心说 heliocentric theory),shuō
early; morning; Good morning!; long ago; prematurely,zǎo
plural marker for pronouns, and nouns referring to individuals,men
foundation of a University or College; school opening; the start of a new term,kāixué
happy; glad; willing (to do sth); in a cheerful mood,gāoxìng
school bus,xiàochē
you (plural),nǐmen
to begin; beginning; to start; initial,kāishǐ
to depart; to leave,líkāi
genuine; real; true; genuinely,zhēnzhèng
conscientious; earnest; serious; to take seriously; to take to heart,rènzhēn
to raise; to increase; to improve,tígāo
interest (desire to know about sth); interest (thing in which one is interested); hobby,xìngqù
car; automobile; bus; CL:輛|辆[liang4],qìchē
idea; opinion; suggestion; objection; complaint; CL:點|点[dian3],條|条[tiao2],yìjiàn
to see; to catch sight of,kànjiàn
to explain; to illustrate; to indicate; to show; to prove; explanation; directions; caption,shuōmíng
novel; fiction; CL:本[ben3],部[bu4],xiǎoshuō
people,rénmen
good; favorable; well; fine,liánghǎo
direction; orientation; to face; to turn toward; to; towards; ,xiàng
to use; to employ; to have to; to eat or drink; ,yòng
relationship,guānxi

========================================
========================================
========================================
向,xiàng
用,yòng
关系,guānxi
舒服,shūfu
痛苦,tòngkǔ
会,huì
给,gěi
起来,qǐlái
家,jiā
她,tā
你,nǐ
就,jiù
像,xiàng
好,hǎo
开,kāi
了,le
真,zhēn
高,gāo
兴,xìng
车,chē
见,jiàn
说,shuō
早,zǎo
们,men
开学,kāixué
高兴,gāoxìng
校车,xiàochē
你们,nǐmen
开始,kāishǐ
离开,líkāi
真正,zhēnzhèng
认真,rènzhēn
提高,tígāo
兴趣,xìngqù
汽车,qìchē
意见,yìjiàn
看见,kànjiàn
说明,shuōmíng
小说,xiǎoshuō
人们,rénmen
良好,liánghǎo


========================================

========================================
========================================
========================================








huì,can; be capable of
gěi,to give; to supply; to provide
qǐlái,(after a verb) indicating the beginning and continuation of an action or a state; indicating an upward movement (e.g. after 站[zhan4]); bringing things together (e.g. after 收拾[shou1 shi5]); (after a perception verb, e.g. 看[kan4]) expressing preliminary judgment; also pr. [qi3 lai5]
========================================
be capable of,huì
to supply; to provide,gěi
(after a verb) indicating the beginning and continuation of an action or a state; indicating an upward movement (e.g. after 站[zhan4]); bringing things together (e.g. after 收拾[shou1 shi5]); (after a perception verb, e.g. 看[kan4]) expressing preliminary judgment; also pr. [qi3 lai5],qǐlái
========================================
========================================
========================================
会,huì
给,gěi
起来,qǐlái

shūfu,comfortable; feeling well
tòngkǔ,pain; suffering; painful
========================================
comfortable; feeling well,shūfu
pain; suffering; painful,tòngkǔ
========================================
========================================
========================================
舒服,shūfu
痛苦,tòngkǔ





zhèshí,at this time; at this moment
píngshí,ordinarily; in normal times; in peacetime
xué,to learn; to study; to imitate; science; -ology
shēng,to be born; to give birth; life; to grow; raw; uncooked; student
wǒ,I; me; my
shì,to be (only connecting nouns)
ài,to love; to be fond of; to like; affection; to be inclined (to do sth); to tend to (happen)
lǎo,prefix used before the surname of a person or a numeral indicating the order of birth of the children in a family or to indicate affection or familiarity; old (of people); venerable (person); experienced; of long standing; always; all the time; of the past; very; outdated; (of meat etc) tough
shī,teacher; master; expert; model; army division; (old) troops; to dispatch troops
tóng,same
wén,language; culture; writing; formal; literary; gentle; (old) classifier for coins; Kangxi radical 67
xiào,school; military officer; CL:所[suo3]
xuéshēng,student; schoolchild
lǎoshī,teacher,位[wei4]
tóngxué,to study at the same school; fellow student; classmate; CL:位[wei4],個|个[ge4]
zhōngwén,Chinese language
xuéxiào,school; CL:所[suo3]
jiùshì,(emphasizes that sth is precisely or exactly as stated); precisely; exactly; even; if; just like; in the same way as
àiqíng,romance; love (romantic),份[fen4]
xuéxí,to learn; to study
yǒuqián,rich
lǎobǎn,boss
nánpéngyǒu,boy friend
gōngsī,company
qián,money
cài,dish
========================================
========================================
========================================



at this time; at this moment,zhèshí
ordinarily; in normal times; in peacetime,píngshí
to learn; to study; to imitate; science; -ology,xué
to be born; to give birth; life; to grow; raw; uncooked; student,shēng
I; me; my,wǒ
to be (only connecting nouns),sh
to love; to be fond of; to like; affection; to be inclined (to do sth); to tend to (happen),ài
prefix used before the surname of a person or a numeral indicating the order of birth of the children in a family or to indicate affection or familiarity; old (of people); venerable (person); experienced; of long standing; always; all the time; of the past; very; outdated; (of meat etc) tough,lǎo
teacher; master; expert; model; army division; (old) troops; to dispatch troops,shī
same,tóng
language; culture; writing; formal; literary; gentle; (old) classifier for coins; Kangxi radical 67,wén
school; military officer; CL:所[suo3],xiào
student; schoolchild,xuéshēng
teacher,位[wei4],lǎoshī
to study at the same school; fellow student; classmate; CL:位[wei4],個|个[ge4],tóngxué
Chinese language,zhōngwén
school; CL:所[suo3],xuéxiào
to learn; to study,xuéxí
(emphasizes that sth is precisely or exactly as stated); precisely; exactly; even; if; just like; in the same way as,jiùshì
romance; love (romantic),份[fen4],àiqíng
rich,yǒuqián
boss,lǎobǎn
boy friend,nánpéngyǒu
company,gōngsī
money,qián
dish,cài
========================================
========================================
========================================
学,xué
生,shēng
我,wǒ
是,sh
爱,ài
老,lǎo
师,shī
同,tóng
文,wén
校,xiào
这时,zhèshí
平时,píngshí
学生,xuéshēng
老师,lǎoshī
同学,tóngxué
中文,zhōngwén
学校,xuéxiào
学习,xuéxí
就是,jiùshì
爱情,àiqíng
有钱,yǒuqián
老板,lǎobǎn
男朋友,nánpéngyǒu
公司,gōngsī
钱,qián
菜,cài


========================================

========================================
========================================
========================================

========================================
========================================
========================================
========================================
========================================
========================================
========================================
========================================
========================================
========================================
========================================
========================================








========================================

========================================
========================================
========================================





gōngzuò,to work; (of a machine) to operate; job; work; task,份[fen4],項|项[xiang4]
xūyào,to need; to want; to demand; to require; requirement; need
zhèxiē,these
qiántiān,the day before yesterday
wèilái,future; tomorrow; approaching; coming; pending
zìyóu,freedom; free; liberty
fēijī,airplane; CL:架[jia4]
zhèlǐ,here
xīnlǐ,chest; heart; mind
nàlǐ,there; that place
páxíng,to crawl; to creep
lǚyóu,trip; journey; tourism; travel; tour; to travel
sēnlín,forest; CL:片[pian4]
zì,self; oneself; from; since; naturally; surely
fēi,to fly
lǐ,in; inside
pá,to crawl; to climb; to get up or sit up
yóu,swim walk; to tour; to roam; to travel
lín,woods; forest; CL:片[pian4]; circle(s) (i.e. specific group of people); a collection (of similar things)
========================================
to work; (of a machine) to operate; job; work; task,份[fen4],項|项[xiang4],gōngzuò
to need; to want; to demand; to require; requirement; need,xūyào
these,zhèxiē
the day before yesterday,qiántiān
future; tomorrow; approaching; coming; pending,wèilái
freedom; free; liberty,zìyóu
airplane; CL:架[jia4],fēijī
here,zhèlǐ
chest; heart; mind,xīnlǐ
there; that place,nàlǐ
to crawl; to creep,páxíng
trip; journey; tourism; travel; tour; to travel,lǚyóu
forest; CL:片[pian4],sēnlín
self; oneself; from; since; naturally; surely,zì
to fly,fēi
in; inside,lǐ
to crawl; to climb; to get up or sit up,pá
to swim; to tour; to roam; to travel,yóu
woods; forest; CL:片[pian4]; circle(s) (i.e. specific group of people); a collection (of similar things),lín
========================================
========================================
========================================
自由,zìyóu
飞机,fēijī
这里,zhèlǐ
心里,xīnlǐ
那里,nàlǐ
爬行,páxíng
旅游,lǚyóu
森林,sēnlín
自,zì
飞,fēi
里,lǐ
爬,pá
游,yóu
林,lín
工作,gōngzuò
需要,xūyào
这些,zhèxiē
前天,qiántiān
未来,wèilái


========================================

========================================
========================================
========================================














de,Structural particle modifying nouns
shuō,to speak; to say; to explain; to scold; to tell off; a theory (usually in compounds such as 日心说 heliocentric theory)
shì,to be (only connecting nouns)
sè,color
huā,flower; blossom; also pr. [wei3]
mā,ma; mom; mother
mǎ,horse; horse or cavalry piece in Chinese chess; knight in Western chess
niú,ox; cow; bull; (slang) awesome
yáng,sheep; goat
yú,fish
chóng,lower form of animal life, including insects, insect larvae, worms and similar creatures
niǎo,bird; CL:隻|只[zhi1],群[qun2]; (dialect) to pay attention to; (intensifier) damned; goddam
cǎo,grass
huáng,yellow; pornographic; to fall through
bái,white; snowy; pure; bright; empty; blank; plain; clear; to make clear; in vain; gratuitous; free of charge; reactionary; anti-communist; funeral; to stare coldly; to write wrong character; to state; to explain; vernacular; spoken lines in opera
hēi,black; dark; sinister; secret; shady; illegal; to hide (sth) away; to vilify; (loanword) to hack (computing)
lǜ,green
hóng,red; popular; revolutionary; bonus
lán,blue; indigo plant
mǎshàng,at once; right away; immediately; on horseback (i.e. by military force)
niúnǎi,cow's milk; CL:瓶[ping2],杯[bei1]
nǎiniú,milk cow; dairy cow
shānyáng,goat; (gymnastics) small-sized vaulting horse
miányáng,sheep
diàoyú,to fish (with line and hook); to dupe
kūnchóng,insect; CL:隻|只[zhi1],群[qun2],堆[dui1]
xiǎoniǎo,penis (kiddie term)
míngbái,clear; obvious; unequivocal; to understand; to realize
lǜsè,green
huánghé,Yellow River or Huang He
báitiān,daytime; during the day; day
hóngsè,red (color); revolutionary
cǎoyuán,grassland; prairie; CL:片[pian4]
lǜhuà,to make green with plants; to reforest
hēiàn,dark; darkly; darkness
lánsè,blue (color)
cǎoàn,draft (legislation, proposal etc)
========================================
Structural particle modifying nouns,de
to speak; to say; to explain; to scold; to tell off; a theory (usually in compounds such as 日心说 heliocentric theory),shuō
to be (only connecting nouns),shì
color,sè
flower; blossom; also pr. [wei3],huā
ma; mom; mother,mā
horse; horse or cavalry piece in Chinese chess; knight in Western chess,mǎ
ox; cow; bull; (slang) awesome,niú
sheep; goat,yáng
fish,yú
lower form of animal life, including insects, insect larvae, worms and similar creatures,chóng
bird; CL:隻|只[zhi1],群[qun2]; (dialect) to pay attention to; (intensifier) damned; goddam,niǎo
grass,cǎo
yellow; pornographic; to fall through,huáng
white; snowy; pure; bright; empty; blank; plain; clear; to make clear; in vain; gratuitous; free of charge; reactionary; anti-communist; funeral; to stare coldly; to write wrong character; to state; to explain; vernacular; spoken lines in opera,bái
black; dark; sinister; secret; shady; illegal; to hide (sth) away; to vilify; (loanword) to hack (computing),hēi
green,lǜ
red; popular; revolutionary; bonus,hóng
blue; indigo plant,lán
at once; right away; immediately; on horseback (i.e. by military force),mǎshàng
cow's milk; CL:瓶[ping2],杯[bei1],niúnǎi
milk cow; dairy cow,nǎiniú
goat; (gymnastics) small-sized vaulting horse,shānyáng
sheep,miányáng
to fish (with line and hook); to dupe,diàoyú
insect; CL:隻|只[zhi1],群[qun2],堆[dui1],kūnchóng
penis (kiddie term),xiǎoniǎo
clear; obvious; unequivocal; to understand; to realize,míngbái
green,lǜsè
Yellow River or Huang He,huánghé
daytime; during the day; day,báitiān
red (color); revolutionary,hóngsè
grassland; prairie; CL:片[pian4],cǎoyuán
to make green with plants; to reforest,lǜhuà
dark; darkly; darkness,hēiàn
blue (color),lánsè
draft (legislation, proposal etc),cǎoàn
========================================
========================================
========================================
的,de
说,shuō
是,shì
色,sè
花,huā
妈,mā
马,mǎ
牛,niú
羊,yáng
鱼,yú
虫,chóng
鸟,niǎo
草,cǎo
黄,huáng
白,bái
黑,hēi
绿,lǜ
红,hóng
蓝,lán
马上,mǎshàng
牛奶,niúnǎi
奶牛,nǎiniú
山羊,shānyáng
绵羊,miányáng
钓鱼,diàoyú
昆虫,kūnchóng
小鸟,xiǎoniǎo
明白,míngbái
绿色,lǜsè
黄河,huánghé
白天,báitiān
红色,hóngsè
草原,cǎoyuán
绿化,lǜhuà
黑暗,hēiàn
蓝色,lánsè
草案,cǎoàn
========================================






























fēng,wind
yún,cloud
yǔ,to rain; (of rain, snow etc) to fall
xuě,snow; snowfall
diàn,electric; electricity; electrical
tiān,day; sky; heaven
dì,earth; ground; field; place; land
chūn,spring (time)
xià,summer
qiū,autumn
dōng,winter
gānjìng,clean; neat
jiātíng,family; household
yuánzhūbǐ,ballpoint pen
zhǒnglèi,kind; type
huāyáng,variety; way of doing thing; trick
guāfēng,blow wind
fēnggé,style
yúnnán,Yunnan Province
yīchángyǔ,one rain
bīngxuě,ice and snow
diànbīngxiāng,refrigerator
diànhuà,telephone
diànfànguō,electric cooker
diànfēngshàn,electric fan
yītiān,one day
jīntiān,today
tiānqì,weather
qíngtiān,sunny day
dìqū,district; area; region; suburb
chūntiān,spring season
chūnjié,Spring Festival
xiàtiān,summer season
qiūtiān,autumn season
dōngtiān,winter season
wǒèle,hungry
māmalǎole,mum is old
xiàyǔle,it rains
nǐyǒunǚpéngyoulema,do you have girl friend?
wǒbùmǎile,i will not buy it
wǒbùhuíjiāchīfànle,i am not coming home for dinner
měitiāndōu,(do something all the time) every day
========================================
wind,fēng
cloud,yún
to rain; (of rain, snow etc) to fall,yǔ
snow; snowfall,xuě
electric; electricity; electrical,diàn
day; sky; heaven,tiān
earth; ground; field; place; land,dì
spring (time),chūn
summer,xià
autumn,qiū
winter,dōng
clean; neat,gānjìng
family; household,jiātíng
ballpoint pen,yuánzhūbǐ
kind; type,zhǒnglèi
variety; way of doing thing; trick,huāyáng
blow wind,guāfēng
style,fēnggé
Yunnan Province,yúnnán
one rain,yīchángyǔ
ice and snow,bīngxuě
refrigerator,diànbīngxiāng
telephone,diànhuà
electric cooker,diànfànguō
electric fan,diànfēngshàn
one day,yītiān
today,jīntiān
weather,tiānqì
sunny day,qíngtiān
district; area; region; suburb,dìqū
spring season,chūntiān
Spring Festival,chūnjié
summer season,xiàtiān
autumn season,qiūtiān
winter season,dōngtiān
hungry,wǒèle
mum is old,māmalǎole
it rains,xiàyǔle
do you have girl friend?,nǐyǒunǚpéngyoulema
i will not buy it,wǒbùmǎile
i am not coming home for dinner,wǒbùhuíjiāchīfànle
(do something all the time) every day,měitiāndōu
========================================
========================================
========================================
风,fēng
云,yún
雨,yǔ
雪,xuě
电,diàn
天,tiān
地,dì
春,chūn
夏,xià
秋,qiū
冬,dōng
干净,gānjìng
家庭,jiātíng
圆珠笔,yuánzhūbǐ
种类,zhǒnglèi
花样,huāyáng
刮风,guāfēng
风格,fēnggé
云南,yúnnán
一场雨,yīchángyǔ
冰雪,bīngxuě
电冰箱,diànbīngxiāng
电话,diànhuà
电饭锅,diànfànguō
电风扇,diànfēngshàn
一天,yītiān
今天,jīntiān
天气,tiānqì
晴天,qíngtiān
地区,dìqū
春天,chūntiān
春节,chūnjié
夏天,xiàtiān
秋天,qiūtiān
冬天,dōngtiān
我饿了,wǒèle
妈妈老了,māmalǎole
下雨了,xiàyǔle
你有女朋友了吗,nǐyǒunǚpéngyoulema
我不买了,wǒbùmǎile
我不回家吃饭了,wǒbùhuíjiāchīfànle
每天都,měitiāndōu









chángqī,long term; long time; long range (of a forecast)
duōcháng,how long;how much time
xiěxiàlái,write down
wénzì,character; script; writing; written language; writing style; phraseology
míngzì,name (of a person or thing)
tāmen,they (for inanimate objects)
zuìhòu,final; last; finally; ultimate
zuìjìn,recent; recently; these days; latest; soon; nearest (of locations); shortest (of routes)
liánmáng,promptly; at once
bāngmáng,to help; to lend a hand; to do a favor; to do a good turn
jímáng,hastily
shànghǎi,Shanghai municipality, central east China, abbr. to 滬|沪[Hu4]
shēnshang,on the body; at hand; among
wǎnshang,evening; night; in the evening
shàngwǔ,morning
zhōngguó,China
qízhōng,among; in; included among these
xiàmian,down;below;underneath
yīxià,(used after a verb) give it a go; to do (sth for a bit to give it a try); one time; once; in a while; all of a sudden; all at once
zuǒbiān,left; the left side; to the left of
zuǒmiàn,left side
yòubiān,right side; right, to the right
yòumiàn,right side
zuǒyòu,left and right; nearby; approximately; attendant; to control; to influence
qǐlái,get up; (after a verb) indicating the beginning and continuation of an action or a state; indicating an upward movement (e.g. after 站[zhan4]); bringing things together (e.g. after 收拾[shou1 shi5]); (after a perception verb, e.g. 看[kan4]) expressing preliminary judgment; also pr. [qi3 lai5]
xiàlái,to come down; (after verb of motion, indicates motion down and towards us, also fig.); (indicates continuation from the past towards us); to be harvested (of crops); to be over (of a period of time); to go among the masses (said of leaders)
láidào,to come; to arrive
qùnián,last year
xiàqù,to go down; to descend; to go on; to continue; (of a servant) to withdraw
guòqù,in the past
shīqù,to lose
chūxiàn,to appear; to arise; to emerge; to show up
fāchū,to issue (an order, decree etc); to send out; to dispatch; to produce (a sound); to let out (a laugh)
jìnrù,to enter; to join; to go into
shōurù,to take in; income; revenue; CL:筆|笔[bi3],個|个[ge4]
chéngzuò,to ride (in a vehicle)
jiànlì,to establish; to set up; to found
lìjí,immediately
chénglì,to establish; to set up; to be tenable; to hold water
zǒuxiàng,to move towards; to head for
========================================
long term; long time; long range (of a forecast),chángqī
how long;how much time,duōcháng
write down,xiěxiàlái
character; script; writing; written language; writing style; phraseology,wénzì
name (of a person or thing),míngzì
they (for inanimate objects),tāmen
final; last; finally; ultimate,zuìhòu
recent; recently; these days; latest; soon; nearest (of locations); shortest (of routes),zuìjìn
promptly; at once,liánmáng
to help; to lend a hand; to do a favor; to do a good turn,bāngmáng
hastily,jímáng
Shanghai municipality, central east China, abbr. to 滬|沪[Hu4],shànghǎi
on the body; at hand; among,shēnshang
evening; night; in the evening,wǎnshang
morning,shàngwǔ
China,zhōngguó
among; in; included among these,qízhōng
down;below;underneath,xiàmian
(used after a verb) give it a go; to do (sth for a bit to give it a try); one time; once; in a while; all of a sudden; all at once,yīxià
left; the left side; to the left of,zuǒbiān
left side,zuǒmiàn
right side; right, to the right,yòubiān
right side,yòumiàn
left and right; nearby; approximately; attendant; to control; to influence,zuǒyòu
get up; (after a verb) indicating the beginning and continuation of an action or a state; indicating an upward movement (e.g. after 站[zhan4]); bringing things together (e.g. after 收拾[shou1 shi5]); (after a perception verb, e.g. 看[kan4]) expressing preliminary judgment; also pr. [qi3 lai5],qǐlái
to come down; (after verb of motion, indicates motion down and towards us, also fig.); (indicates continuation from the past towards us); to be harvested (of crops); to be over (of a period of time); to go among the masses (said of leaders),xiàlái
to come; to arrive,láidào
last year,qùnián
to go down; to descend; to go on; to continue; (of a servant) to withdraw,xiàqù
in the past,guòqù
to lose,shīqù
to appear; to arise; to emerge; to show up,chūxiàn
to issue (an order, decree etc); to send out; to dispatch; to produce (a sound); to let out (a laugh),fāchū
to enter; to join; to go into,jìnrù
to take in; income; revenue; CL:筆|笔[bi3],個|个[ge4],shōurù
to ride (in a vehicle),chéngzuò
to establish; to set up; to found,jiànlì
immediately,lìjí
to establish; to set up; to be tenable; to hold water,chénglì
to move towards; to head for,zǒuxiàng
========================================
========================================
========================================
长期,chángqī
多长,duōcháng
写下来,xiěxiàlái
文字,wénzì
名字,míngzì
它们,tāmen
最后,zuìhòu
最近,zuìjìn
连忙,liánmáng
帮忙,bāngmáng
急忙,jímáng
上海,shànghǎi
身上,shēnshang
晚上,wǎnshang
上午,shàngwǔ
中国,zhōngguó
其中,qízhōng
下面,xiàmian
一下,yīxià
左边,zuǒbiān
左面,zuǒmiàn
右边,yòubiān
右面,yòumiàn
左右,zuǒyòu
起来,qǐlái
下来,xiàlái
来到,láidào
去年,qùnián
下去,xiàqù
过去,guòqù
失去,shīqù
出现,chūxiàn
发出,fāchū
进入,jìnrù
收入,shōurù
乘坐,chéngzuò
建立,jiànlì
立即,lìjí
成立,chénglì
走向,zǒuxiàng



gǎn,to overtake; to catch up with; o hurry; to rush; to try to catch (the bus etc)
péixùnbān,training class
zhìzào,to manufacture; to make
qiānbǐ,(lead) pencil; CL:支[zhi1],枝[zhi1],桿|杆[gan3]
huárén,ethnic Chinese person or people
========================================
to overtake; to catch up with; o hurry; to rush; to try to catch (the bus etc),gǎn
training class,péixùnbān
to manufacture; to make,zhìzào
(lead) pencil; CL:支[zhi1],枝[zhi1],桿|杆[gan3],qiānbǐ
ethnic Chinese person or people,huárén
========================================
========================================
========================================
赶,gǎn
培训班,péixùnbān
制造,zhìzào
铅笔,qiānbǐ
华人,huárén








shàng,on top; upon; above; upper; previous; first (of multiple parts); to climb; to get onto; to go up; to attend (class or university)
zhōng,middle;centre;to hit (the mark); to be hit by; to suffer; to win (a prize, a lottery)
xià,down; downwards; below; lower; later; next (week etc); second (of two parts); to decline; to go down; to arrive at (a decision, conclusion etc); measure word to show the frequency of an action
zuǒ,left; the Left (politics); east; unorthodox; queer; wrong; differing; opposite
yòu,right (-hand); the Right (politics); west (old)
lái,to come; to arrive; to come round; ever since; next
qù,to go; to go to (a place); (of a time etc) last; just passed; to send; to remove; to get rid of; to reduce; to be apart from in space or time; to die (euphemism); to play (a part); (when used either before or after a verb) to go in order to do sth; (after a verb of motion indicates movement away from the speaker); (used after certain verbs to indicate detachment or separation)
chū,out;get out
rù,to enter; to go into; to join; to become a member of; to confirm or agree with
zuò,to sit; to take a seat; to take (a bus, airplane etc); to bear fruit
lì,to stand; to set up; to establish; to lay down; to draw up; at once; immediately
zǒu,to walk; to go; to run; to move (of vehicle); to visit; to leave; to go away; to die (euph.); from; through; away (in compound verbs, such as 撤走[che4 zou3]); to change (shape, form, meaning)
shānshàng,on the mountain
shānxià,down the mountain
shàngtou,above; on top of; on the surface of
xiàtou,donw;beneath
shǒuzhōng,in the hand
kǒuzhōng,in the mouth
zuǒshǒu,left hand; left-hand side
yòushǒu,right hand; right-hand side
zuǒěr,left ear
yòuěr,right ear
shàngxià,up and down; top and bottom; old and new; length; about
shàngshàngxiàxià,up and down;everywhere
yīshàngyīxià,up-down
yīzuǒyīyòu,one left and one right
zuòxià,to sit down
zǒulái,come (towards speaker)
zǒuqù,to walk over (to)
zǒuchūqù,walk out
cháng,long
xiě,to write
zì,letter; symbol; character; word; courtesy or style name traditionally given to males aged 20 in dynastic China
tā,it
zuì,most; the most; -est (superlative suffix)
máng,busy; hurriedly; to hurry; to rush
zuǐba,mouth; CL:張|张[zhang1]; slap in the face
shēnzi,body; pregnancy; health
xiězì,to write characters
========================================
on top; upon; above; upper; previous; first (of multiple parts); to climb; to get onto; to go up; to attend (class or university),shàng
middle;centre;to hit (the mark); to be hit by; to suffer; to win (a prize, a lottery),zhōng
down; downwards; below; lower; later; next (week etc); second (of two parts); to decline; to go down; to arrive at (a decision, conclusion etc); measure word to show the frequency of an action,xià
left; the Left (politics); east; unorthodox; queer; wrong; differing; opposite,zuǒ
right (-hand); the Right (politics); west (old),yòu
to come; to arrive; to come round; ever since; next,lái
to go; to go to (a place); (of a time etc) last; just passed; to send; to remove; to get rid of; to reduce; to be apart from in space or time; to die (euphemism); to play (a part); (when used either before or after a verb) to go in order to do sth; (after a verb of motion indicates movement away from the speaker); (used after certain verbs to indicate detachment or separation),qù
out;get out,chū
to enter; to go into; to join; to become a member of; to confirm or agree with,rù
to sit; to take a seat; to take (a bus, airplane etc); to bear fruit,zuò
to stand; to set up; to establish; to lay down; to draw up; at once; immediately,lì
to walk; to go; to run; to move (of vehicle); to visit; to leave; to go away; to die (euph.); from; through; away (in compound verbs, such as 撤走[che4 zou3]); to change (shape, form, meaning),zǒu
on the mountain,shānshàng
down the mountain,shānxià
above; on top of; on the surface of,shàngtou
donw;beneath,xiàtou
in the hand,shǒuzhōng
in the mouth,kǒuzhōng
left hand; left-hand side,zuǒshǒu
right hand; right-hand side,yòushǒu
left ear,zuǒěr
right ear,yòuěr
up and down; top and bottom; old and new; length; about,shàngxià
up and down;everywhere,shàngshàngxiàxià
up-down,yīshàngyīxià
one left and one right,yīzuǒyīyòu
to sit down,zuòxià
come (towards speaker),zǒulái
to walk over (to),zǒuqù
walk out,zǒuchūqù
long,cháng
to write,xiě
letter; symbol; character; word; courtesy or style name traditionally given to males aged 20 in dynastic China,zì
it,tā
most; the most; -est (superlative suffix),zuì
busy; hurriedly; to hurry; to rush,máng
mouth; CL:張|张[zhang1]; slap in the face,zuǐba
body; pregnancy; health,shēnzi
to write characters,xiězì
========================================
========================================
========================================
上,shàng
中,zhōng
下,xià
左,zuǒ
右,yòu
来,lái
去,qù
出,chū
入,rù
坐,zuò
立,lì
走,zǒu
山上,shānshàng
山下,shānxià
上头,shàngtou
下头,xiàtou
手中,shǒuzhōng
口中,kǒuzhōng
左手,zuǒshǒu
右手,yòushǒu
左耳,zuǒěr
右耳,yòuěr
上下,shàngxià
上上下下,shàngshàngxiàxià
一上一下,yīshàngyīxià
一左一右,yīzuǒyīyòu
坐下,zuòxià
走来,zǒulái
走去,zǒuqù
走出去,zǒuchūqù
长,cháng
写,xiě
字,zì
它,tā
最,zuì
忙,máng
嘴巴,zuǐba
身子,shēnzi
写字,xiězì























上,中,下,左,右,来,去,出,入,坐,立,走
















rì,sun
yuè,moon
shān,mountain
shí,rock
tǔ,earth
tián,field
shuǐ,water
huǒ,fire
mù,tree
hé,cereal
rìyuè,the sun and moon
yīyuè,January
èryuè,February
shíèryuèèrshísìrì,24th Dec
shíshān,rocky mountain
dàshān,big mountain
tǔshān,mud mountain
huǒshān,volcano
shānshuǐ,landscape;nature scene
shuǐtián,paddy field
shítou,stone
xiǎoshítou,little stone
mùtou,slow-witted
duōchángshíjiān,how long;how much time
bàngèxiǎoshí,half an hour
fùjìn,nearby
chángcháng,often
zhèlǐ,here
rìzǐ,day
tǔdì,earth and land
huǒchē,train
========================================
sun,rì
moon,yuè
mountain,shān
rock,shí
earth,tǔ
field,tián
water,shuǐ
fire,huǒ
tree,mù
cereal,hé
the sun and moon,rìyuè
January,yīyuè
February,èryuè
24th Dec,shíèryuèèrshísìrì
rocky mountain,shíshān
big mountain,dàshān
mud mountain,tǔshān
volcano,huǒshān
landscape;nature scene,shānshuǐ
paddy field,shuǐtián
stone,shítou
little stone,xiǎoshítou
slow-witted,mùtou
how long;how much time,duōchángshíjiān
half an hour,bàngèxiǎoshí
nearby,fùjìn
often,chángcháng
here,zhèlǐ
day,rìzǐ
earth and land,tǔdì
train,huǒchē
========================================
========================================
========================================
日,rì
月,yuè
山,shān
石,shí
土,tǔ
田,tián
水,shuǐ
火,huǒ
木,mù
禾,hé
日月,rìyuè
一月,yīyuè
二月,èryuè
十二月二十四日,shíèryuèèrshísìrì
石山,shíshān
大山,dàshān
土山,tǔshān
火山,huǒshān
山水,shānshuǐ
水田,shuǐtián
石头,shítou
小石头,xiǎoshítou
木头,mùtou
多长时间,duōchángshíjiān
半个小时,bàngèxiǎoshí
附近,fùjìn
常常,chángcháng
这里,zhèlǐ
日子,rìzǐ
土地,tǔdì
火车,huǒchē
































































wǒ,I
yǒu,to have
zuǒ,left
lái,to come
yòu,right (-hand)
gè,measure word
zhǐ,finger
rén,man
tóu,head;suffix for nouns
mù,eye
kǒu,mouth
ěr,ear
shǒu,hand
zú,foot
dà,big
xiǎo,small
duō,many
shǎo,few
yīrén,one person;alone
wǔkǒurén,five family members
rénrén,everyone
réntóu,human head
xiǎoshǒu,small hand
dàrén,adult
dàxiǎo,size
duōshǎo,how much
rénduō,many people
rénshǎo,few people
shǒuzhǐ,finger
jǐgè,a few
bùnéng,cannot
tàilěngle,too cold
kěyǐ,can
chūnjié,Spring Festival (Chinese New Year)
yánsè,color
cānguǎn,restaurant
zhèlǐ,here
fùjìn,nearby
chángcháng,often
yīngwén,English (language)
qìchē,car
shùzì,numeral
zhǐ,classifier for birds and certain animals, one of a pair, some utensils, vessels etc
shuāng,double
yǎnjing,eye
zuǐba,mouth
ěrduo,ear
jiǎo,foot
rénshǒu,manpower
gèrén,individual
dàjiā,everyone
dàxué,university
xiǎoshí,hour
xiǎohái,child
xǔduō,many
jiǎnshǎo,to lessen
xiǎoxué,elementary school
bízi,nose
liǎn,face
shǒuzhǐtóu,fingertip
========================================

我,I
有,to have
左,left
来,to come
右,right (-hand)
个,measure word
指,finger
人,man
头,head;suffix for nouns
目,eye
口,mouth
耳,ear
手,hand
足,foot
大,big
小,small
多,many
少,few
一人,one person;alone
五口人,five family members
人人,everyone
人头,human head
小手,small hand
大人,adult
大小,size
多少,how much
人多,many people
人少,few people
手指,finger
几个,a few
不能,cannot
太冷了,too cold
可以,can
春节,Spring Festival (Chinese New Year)
颜色,color
餐馆,restaurant
这里,here
附近,nearby
常常,often
英文,English (language)
汽车,car
数字,numeral
只,classifier for birds and certain animals, one of a pair, some utensils, vessels etc
双,double
眼睛,eye
嘴巴,mouth
耳朵,ear
脚,foot
人手,manpower
个人,individual
大家,everyone
大学,university
小时,hour
小孩,child
许多,many
减少,to lessen
小学,elementary school
鼻子,nose
脸,face
手指头,fingertip




I,我
to have,有
left,左
to come,来
right (-hand),右
measure word,个
finger,指
man,人
head;suffix for nouns,头
eye,目
mouth,口
ear,耳
hand,手
foot,足
big,大
small,小
many,多
few,少
one person;alone,一人
five family members,五口人
everyone,人人
person,人头
small hand,小手
adult,大人
size,大小
how much,多少
many people,人多
few people,人少
finger,手指
a few,几个
cannot,不能
too cold,太冷了
can,可以
Spring Festival (Chinese New Year),春节
color,颜色
restaurant,餐馆
here,这里
nearby,附近
often,常常
English (language),英文
car,汽车
numeral,数字
classifier for birds and certain animals, one of a pair, some utensils, vessels etc,只
double,双
eye,眼睛
mouth,嘴巴
ear,耳朵
foot,脚
manpower,人手
individual,个人
everyone,大家
university,大学
hour,小时
child,小孩
many,许多
to lessen,减少
elementary school,小学
nose,鼻子
face,脸
fingertip,手指头




我,wǒ
有,yǒu
左,zuǒ
来,lái
右,yòu
个,gè
指,zhǐ
人,rén
头,tóu
目,mù
口,kǒu
耳,ěr
手,shǒu
足,zú
大,dà
小,xiǎo
多,duō
少,shǎo
一人,yīrén
五口人,wǔkǒurén
人人,rénrén
人头,réntóu
小手,xiǎoshǒu
大人,dàrén
大小,dàxiǎo
多少,duōshǎo
人多,rénduō
人少,rénshǎo
手指,shǒuzhǐ
几个,jǐgè
不能,bùnéng
太冷了,tàilěngle
可以,kěyǐ
春节,chūnjié
颜色,yánsè
餐馆,cānguǎn
这里,zhèlǐ
附近,fùjìn
常常,chángcháng
英文,yīngwén
汽车,qìchē
数字,shùzì
只,zhǐ
双,shuāng
眼睛,yǎnjing
嘴巴,zuǐba
耳朵,ěrduo
脚,jiǎo
人手,rénshǒu
个人,gèrén
大家,dàjiā
大学,dàxué
小时,xiǎoshí
小孩,xiǎohái
许多,xǔduō
减少,jiǎnshǎo
小学,xiǎoxué
鼻子,bízi
脸,liǎn
手指头,shǒuzhǐtóu




I,wǒ
to have,yǒu
left,zuǒ
to come,lái
right (-hand),yòu
measure word,gè
finger,zhǐ
man,rén
head;suffix for nouns,tóu
eye,mù
mouth,kǒu
ear,ěr
hand,shǒu
foot,zú
big,dà
small,xiǎo
many,duō
few,shǎo
one person;alone,yīrén
five family members,wǔkǒurén
everyone,rénrén
person,réntóu
small hand,xiǎoshǒu
adult,dàrén
size,dàxiǎo
how much,duōshǎo
many people,rénduō
few people,rénshǎo
finger,shǒuzhǐ
a few,jǐgè
cannot,bùnéng
too cold,tàilěngle
can,kěyǐ
Spring Festival (Chinese New Year),chūnjié
color,yánsè
restaurant,cānguǎn
here,zhèlǐ
nearby,fùjìn
often,chángcháng
English (language),yīngwén
car,qìchē
numeral,shùzì
classifier for birds and certain animals, one of a pair, some utensils, vessels etc,zhǐ
double,shuāng
eye,yǎnjing
mouth,zuǐba
ear,ěrduo
foot,jiǎo
manpower,rénshǒu
individual,gèrén
everyone,dàjiā
university,dàxué
hour,xiǎoshí
child,xiǎohái
many,xǔduō
to lessen,jiǎnshǎo
elementary school,xiǎoxué
nose,bízi
face,liǎn
fingertip,shǒuzhǐtóu
